<?xml version="1.0" encoding="UTF-8"?>
<testng-results skipped="0" failed="0" ignored="2" total="4" passed="2">
  <reporter-output>
  </reporter-output>
  <suite name="Suite" duration-ms="47184" started-at="2020-01-28T14:27:06 IST" finished-at="2020-01-28T14:27:53 IST">
    <groups>
    </groups>
    <test name="Test" duration-ms="47184" started-at="2020-01-28T14:27:06 IST" finished-at="2020-01-28T14:27:53 IST">
      <class name="com.actiTime.testscripts.CreateCustomer">
        <test-method status="PASS" signature="openBrowser()[pri:0, instance:com.actiTime.testscripts.CreateCustomer@167fdd33]" name="openBrowser" is-config="true" duration-ms="21663" started-at="2020-01-28T14:27:06 IST" finished-at="2020-01-28T14:27:28 IST">
          <reporter-output>
          </reporter-output>
        </test-method> <!-- openBrowser -->
        <test-method status="PASS" signature="login()[pri:0, instance:com.actiTime.testscripts.CreateCustomer@167fdd33]" name="login" is-config="true" duration-ms="849" started-at="2020-01-28T14:27:28 IST" finished-at="2020-01-28T14:27:29 IST">
          <reporter-output>
          </reporter-output>
        </test-method> <!-- login -->
        <test-method status="PASS" signature="testCreateCustomerTC_01()[pri:0, instance:com.actiTime.testscripts.CreateCustomer@167fdd33]" name="testCreateCustomerTC_01" duration-ms="14655" started-at="2020-01-28T14:27:29 IST" finished-at="2020-01-28T14:27:43 IST">
          <reporter-output>
          </reporter-output>
        </test-method> <!-- testCreateCustomerTC_01 -->
        <test-method status="PASS" signature="logout()[pri:0, instance:com.actiTime.testscripts.CreateCustomer@167fdd33]" name="logout" is-config="true" duration-ms="646" started-at="2020-01-28T14:27:43 IST" finished-at="2020-01-28T14:27:44 IST">
          <reporter-output>
          </reporter-output>
        </test-method> <!-- logout -->
        <test-method status="PASS" signature="closeBrowser()[pri:0, instance:com.actiTime.testscripts.CreateCustomer@167fdd33]" name="closeBrowser" is-config="true" duration-ms="2113" started-at="2020-01-28T14:27:51 IST" finished-at="2020-01-28T14:27:53 IST">
          <reporter-output>
          </reporter-output>
        </test-method> <!-- closeBrowser -->
      </class> <!-- com.actiTime.testscripts.CreateCustomer -->
      <class name="com.actiTime.testscripts.CreateProject">
        <test-method status="PASS" signature="login()[pri:0, instance:com.actiTime.testscripts.CreateProject@1e965684]" name="login" is-config="true" duration-ms="475" started-at="2020-01-28T14:27:44 IST" finished-at="2020-01-28T14:27:44 IST">
          <reporter-output>
          </reporter-output>
        </test-method> <!-- login -->
        <test-method status="PASS" signature="testCreateProjectTC_02()[pri:0, instance:com.actiTime.testscripts.CreateProject@1e965684]" name="testCreateProjectTC_02" duration-ms="5974" started-at="2020-01-28T14:27:44 IST" finished-at="2020-01-28T14:27:50 IST">
          <reporter-output>
          </reporter-output>
        </test-method> <!-- testCreateProjectTC_02 -->
        <test-method status="PASS" signature="logout()[pri:0, instance:com.actiTime.testscripts.CreateProject@1e965684]" name="logout" is-config="true" duration-ms="384" started-at="2020-01-28T14:27:50 IST" finished-at="2020-01-28T14:27:51 IST">
          <reporter-output>
          </reporter-output>
        </test-method> <!-- logout -->
      </class> <!-- com.actiTime.testscripts.CreateProject -->
    </test> <!-- Test -->
  </suite> <!-- Suite -->
</testng-results>
